2017-01-30 02:21:29,427 [Worker-1] DEBUG class java.lang.Class - Starting Andmore Common Plugin...
2017-01-30 02:21:29,427 [Worker-1] DEBUG class java.lang.Class - Andmore Common Plugin started.
2017-01-30 02:21:29,427 [Worker-1] DEBUG class java.lang.Class - Starting Andmore Plugin...
2017-01-30 02:21:29,431 [Worker-1] DEBUG class java.lang.Class - Andmore Plugin started.
2017-01-30 02:21:32,735 [Worker-1] DEBUG class java.lang.Class - Starting Andmore Emulator Plugin...
2017-01-30 02:21:32,994 [Worker-1] DEBUG class java.lang.Class - Andmore Emulator Plugin started.
2017-01-30 02:21:34,866 [Worker-5] DEBUG class org.eclipse.andmore.android.AndroidPlugin - Notify SDK loader listeners
2017-01-30 02:21:34,887 [Worker-0] DEBUG class org.eclipse.andmore.android.AndroidPlugin - Notify SDK loader listeners
2017-01-30 02:21:36,439 [Worker-1] DEBUG class java.lang.Class - Starting Andmore Device Services Plugin...
2017-01-30 02:21:36,440 [Worker-1] DEBUG class java.lang.Class - Andmore Device Services Plugin started.
2017-01-30 02:21:36,497 [Worker-1] DEBUG class java.lang.Class - Starting Andmore Handset Plugin...
2017-01-30 02:21:36,504 [Worker-1] DEBUG class java.lang.Class - Andmore Handset Plugin started.
2017-01-30 02:21:36,515 [Worker-1] DEBUG class java.lang.Class - Starting Andmore Remote Device Plugin...
2017-01-30 02:21:36,516 [Worker-1] DEBUG class java.lang.Class - Starting Andmore Remote Device Plugin started.
2017-01-30 02:21:36,589 [Worker-1] ERROR Studio for Android - 无法实例化处理程序(PLUGIN=org.eclipse.sequoyah.device.framework;ERROR=202)
2017-01-30 02:21:36,589 [Worker-1] ERROR Studio for Android - 无法实例化处理程序(PLUGIN=org.eclipse.sequoyah.device.framework;ERROR=202)
2017-01-30 02:21:36,589 [Worker-1] ERROR Studio for Android - 无法实例化处理程序(PLUGIN=org.eclipse.sequoyah.device.framework;ERROR=202)
2017-01-30 02:21:36,589 [Worker-1] ERROR Studio for Android - 无法实例化处理程序(PLUGIN=org.eclipse.sequoyah.device.framework;ERROR=202)
2017-01-30 02:21:36,589 [Worker-1] ERROR Studio for Android - 无法实例化处理程序(PLUGIN=org.eclipse.sequoyah.device.framework;ERROR=202)
2017-01-30 02:21:36,590 [Worker-1] ERROR Studio for Android - 无法实例化处理程序(PLUGIN=org.eclipse.sequoyah.device.framework;ERROR=202)
2017-01-30 02:21:36,590 [Worker-1] ERROR Studio for Android - 无法实例化处理程序(PLUGIN=org.eclipse.sequoyah.device.framework;ERROR=202)
2017-01-30 02:21:36,590 [Worker-1] ERROR Studio for Android - 无法实例化处理程序(PLUGIN=org.eclipse.sequoyah.device.framework;ERROR=202)
2017-01-30 02:21:36,590 [Worker-1] ERROR Studio for Android - 无法实例化处理程序(PLUGIN=org.eclipse.sequoyah.device.framework;ERROR=202)
2017-01-30 02:21:36,590 [Worker-1] ERROR Studio for Android - 无法实例化处理程序(PLUGIN=org.eclipse.sequoyah.device.framework;ERROR=202)
2017-01-30 02:21:36,590 [Worker-1] ERROR Studio for Android - 无法实例化处理程序(PLUGIN=org.eclipse.sequoyah.device.framework;ERROR=202)
2017-01-30 02:21:36,590 [Worker-1] ERROR Studio for Android - 无法实例化处理程序(PLUGIN=org.eclipse.sequoyah.device.framework;ERROR=202)
2017-01-30 02:21:36,590 [Worker-1] ERROR Studio for Android - 无法实例化处理程序(PLUGIN=org.eclipse.sequoyah.device.framework;ERROR=202)
2017-01-30 02:21:36,591 [Worker-1] ERROR Studio for Android - 无法实例化处理程序(PLUGIN=org.eclipse.sequoyah.device.framework;ERROR=202)
2017-01-30 02:21:36,591 [Worker-1] ERROR Studio for Android - 无法实例化处理程序(PLUGIN=org.eclipse.sequoyah.device.framework;ERROR=202)
2017-01-30 02:21:36,591 [Worker-1] ERROR Studio for Android - 无法实例化处理程序(PLUGIN=org.eclipse.sequoyah.device.framework;ERROR=202)
2017-01-30 02:21:36,591 [Worker-1] ERROR Studio for Android - 无法实例化处理程序(PLUGIN=org.eclipse.sequoyah.device.framework;ERROR=202)
2017-01-30 02:21:36,591 [Worker-1] ERROR Studio for Android - 无法实例化处理程序(PLUGIN=org.eclipse.sequoyah.device.framework;ERROR=202)
2017-01-30 02:21:36,591 [Worker-1] ERROR Studio for Android - 无法实例化处理程序(PLUGIN=org.eclipse.sequoyah.device.framework;ERROR=202)
2017-01-30 02:21:36,591 [Worker-1] ERROR Studio for Android - 无法实例化处理程序(PLUGIN=org.eclipse.sequoyah.device.framework;ERROR=202)
2017-01-30 02:21:36,592 [Worker-1] ERROR Studio for Android - 无法实例化处理程序(PLUGIN=org.eclipse.sequoyah.device.framework;ERROR=202)
2017-01-30 02:21:36,592 [Worker-1] ERROR Studio for Android - 无法实例化处理程序(PLUGIN=org.eclipse.sequoyah.device.framework;ERROR=202)
2017-01-30 02:21:36,592 [Worker-1] ERROR Studio for Android - 无法实例化处理程序(PLUGIN=org.eclipse.sequoyah.device.framework;ERROR=202)
2017-01-30 02:21:36,592 [Worker-1] ERROR Studio for Android - 无法实例化处理程序(PLUGIN=org.eclipse.sequoyah.device.framework;ERROR=202)
2017-01-30 02:21:36,592 [Worker-1] ERROR Studio for Android - 无法实例化处理程序(PLUGIN=org.eclipse.sequoyah.device.framework;ERROR=202)
2017-01-30 02:21:36,592 [Worker-1] ERROR Studio for Android - 无法实例化处理程序(PLUGIN=org.eclipse.sequoyah.device.framework;ERROR=202)
2017-01-30 02:21:36,592 [Worker-1] ERROR Studio for Android - 无法实例化处理程序(PLUGIN=org.eclipse.sequoyah.device.framework;ERROR=202)
2017-01-30 02:21:36,592 [Worker-1] ERROR Studio for Android - 无法实例化处理程序(PLUGIN=org.eclipse.sequoyah.device.framework;ERROR=202)
2017-01-30 02:21:36,592 [Worker-1] ERROR Studio for Android - 无法实例化处理程序(PLUGIN=org.eclipse.sequoyah.device.framework;ERROR=202)
2017-01-30 02:21:36,592 [Worker-1] ERROR Studio for Android - 无法实例化处理程序(PLUGIN=org.eclipse.sequoyah.device.framework;ERROR=202)
2017-01-30 02:21:36,593 [Worker-1] INFO  Studio for Android - [Status: id=org.eclipse.andmore.android.emulator.status.offline;name=Offline]
2017-01-30 02:21:36,593 [Worker-1] INFO  Studio for Android - [Status: id=org.eclipse.andmore.android.handset.status.handsetonline;name=Online]
2017-01-30 02:21:36,593 [Worker-1] INFO  Studio for Android - [Status: id=INACTIVE;name=INACTIVE]
2017-01-30 02:21:36,593 [Worker-1] INFO  Studio for Android - [Status: id=org.eclipse.andmore.android.emulator.status.notavailable;name=Not available]
2017-01-30 02:21:36,593 [Worker-1] INFO  Studio for Android - [Status: id=IDLE;name=IDLE]
2017-01-30 02:21:36,593 [Worker-1] INFO  Studio for Android - [Status: id=org.eclipse.andmore.android.remote.status.connected;name=Connected]
2017-01-30 02:21:36,593 [Worker-1] INFO  Studio for Android - [Status: id=org.eclipse.andmore.android.remote.status.disconnected;name=Disconnected]
2017-01-30 02:21:36,593 [Worker-1] INFO  Studio for Android - [Status: id=org.eclipse.andmore.android.emulator.status.online;name=Online]
2017-01-30 02:21:36,593 [Worker-1] INFO  Studio for Android - [Status: id=OFF;name=OFF]
2017-01-30 02:21:36,593 [Worker-1] INFO  Studio for Android - [Status: id=org.eclipse.andmore.android.emulator.status.offlineNoData;name=Offline (no user data)]
2017-01-30 02:21:48,293 [Instance Event Manager] INFO  Studio for Android - The android device instance status was updated: New_Device_1_API_24 Status: OFF
2017-01-30 02:21:48,296 [Instance Event Manager] INFO  Studio for Android - The android device instance status was updated: New_Device_1_API_24 Status: org.eclipse.andmore.android.emulator.status.notavailable
2017-01-30 02:21:49,937 [Worker-5] INFO  Studio for Android - Added instance New_Device_1_API_24 using default emulator definitions 
2017-01-30 02:21:49,938 [Instance Event Manager] INFO  Studio for Android - The android device instance status was updated: New_Device_API_25 Status: OFF
2017-01-30 02:21:50,016 [Instance Event Manager] INFO  Studio for Android - The android device instance status was updated: New_Device_API_25 Status: org.eclipse.andmore.android.emulator.status.notavailable
2017-01-30 02:21:50,022 [Worker-5] INFO  Studio for Android - Added instance New_Device_API_25 using default emulator definitions 
2017-01-30 02:21:50,026 [Instance Event Manager] INFO  Studio for Android - The android device instance status was updated: Nexus_6P_API_24 Status: OFF
2017-01-30 02:21:50,030 [Instance Event Manager] INFO  Studio for Android - The android device instance status was updated: Nexus_6P_API_24 Status: org.eclipse.andmore.android.emulator.status.notavailable
2017-01-30 02:21:50,050 [Worker-5] INFO  Studio for Android - Added instance Nexus_6P_API_24 using default emulator definitions 
2017-01-30 02:21:50,051 [Instance Event Manager] INFO  Studio for Android - The android device instance status was updated: Pixel_C_API_25 Status: OFF
2017-01-30 02:21:50,051 [Instance Event Manager] INFO  Studio for Android - The android device instance status was updated: Pixel_C_API_25 Status: org.eclipse.andmore.android.emulator.status.notavailable
2017-01-30 02:21:50,071 [Worker-5] INFO  Studio for Android - Added instance Pixel_C_API_25 using default emulator definitions 
2017-01-30 02:23:02,814 [main] DEBUG class java.lang.Class - Starting Eclipse Andmore Database Core Plugin...
2017-01-30 02:23:02,845 [main] DEBUG Studio for Android - JDBC Driver Location:bundleentry://69.fwk258754732/res/androidjdbc.jar JDBC Driver getBundle().getLocation():reference:file:/C:/Users/Tian Lu/.p2/pool/plugins/org.eclipse.andmore.android.common_0.5.0.201605181018.jar
2017-01-30 02:23:02,928 [main] DEBUG Studio for Android - JDBC Driver Path:G:\eclipse0130\eclipse\configuration\org.eclipse.osgi\69\0\.cp\res\androidjdbc.jar
2017-01-30 02:23:02,929 [main] DEBUG Studio for Android - JDBC Driver Location:bundleentry://69.fwk258754732/res/androidjdbc.jar JDBC Driver getBundle().getLocation():reference:file:/C:/Users/Tian Lu/.p2/pool/plugins/org.eclipse.andmore.android.common_0.5.0.201605181018.jar
2017-01-30 02:23:02,929 [main] DEBUG Studio for Android - JDBC Driver Path:G:\eclipse0130\eclipse\configuration\org.eclipse.osgi\69\0\.cp\res\androidjdbc.jar
2017-01-30 02:23:02,957 [main] INFO  Studio for Android - Created a JDBC driver instance at Data Tools.
2017-01-30 02:23:02,967 [main] DEBUG class java.lang.Class - Eclipse Andmore Database Core Plugin started.
2017-01-30 02:23:02,967 [main] DEBUG class java.lang.Class - Starting Eclipse Andmore Database Devices Support Plugin...
2017-01-30 02:23:02,971 [main] DEBUG class java.lang.Class - Eclipse Andmore Database Devices Support Plugin started...
2017-01-30 02:23:05,460 [Framework stop] DEBUG Studio for Android - org.eclipse.sequoyah.device.service.start.StartServicePlugin-SHUTDOWN
2017-01-30 02:23:05,496 [Framework stop] DEBUG Studio for Android - org.eclipse.sequoyah.device.framework.ui.DeviceUIPlugin-SHUTDOWN
2017-01-30 02:23:05,497 [Framework stop] DEBUG Studio for Android - org.eclipse.sequoyah.device.service.stop.StopServicePlugin-SHUTDOWN
2017-01-30 02:23:05,497 [Framework stop] DEBUG Studio for Android - org.eclipse.sequoyah.device.framework.DevicePlugin-SHUTDOWN
